2023-03-19 17:53:09,383 - __main__ - INFO - Token value: Token not available!
2023-03-19 17:53:09,678 - __main__ - INFO - Weather in Berlin: 11.71
2023-03-19 17:54:21,920 - __main__ - INFO - Token value: Token not available!
2023-03-19 17:54:22,680 - __main__ - INFO - Weather in Berlin: 0.22
2023-03-19 17:55:15,731 - __main__ - INFO - Token value: Token not available!
2023-03-19 17:55:16,348 - __main__ - INFO - Weather in Toronto: 0.33
2023-03-19 22:24:17,544 - __main__ - INFO - Token value: 1234
2023-03-19 22:24:18,041 - __main__ - INFO - Weather in Toronto: 0.33
2023-03-20 00:42:03,890 - __main__ - INFO - Token value: 1234
2023-03-20 00:42:04,497 - __main__ - INFO - Weather in Toronto: -0.17
2023-03-27 00:38:28,849 - __main__ - INFO - Token value: 1234
2023-03-27 00:38:29,517 - __main__ - INFO - Weather in Toronto: 6.91
2023-04-03 00:38:06,125 - __main__ - INFO - Token value: 1234
2023-04-03 00:38:06,796 - __main__ - INFO - Weather in Toronto: 0.91
2023-04-10 00:37:25,629 - __main__ - INFO - Token value: 1234
2023-04-10 00:37:25,953 - __main__ - INFO - Weather in Toronto: 5.99
2023-04-17 00:38:40,575 - __main__ - INFO - Token value: 1234
2023-04-17 00:38:41,161 - __main__ - INFO - Weather in Toronto: 14.98
2023-04-24 00:38:36,139 - __main__ - INFO - Token value: 1234
2023-04-24 00:38:37,177 - __main__ - INFO - Weather in Toronto: 6.71
2023-05-01 00:39:49,749 - __main__ - INFO - Token value: 1234
2023-05-01 00:39:50,228 - __main__ - INFO - Weather in Toronto: 8.67
2023-05-08 00:37:10,394 - __main__ - INFO - Token value: 1234
2023-05-08 00:37:11,080 - __main__ - INFO - Weather in Toronto: 10.63
2023-05-15 00:38:53,397 - __main__ - INFO - Token value: 1234
2023-05-15 00:38:54,148 - __main__ - INFO - Weather in Toronto: 13.99
2023-05-22 00:40:18,335 - __main__ - INFO - Token value: 1234
2023-05-22 00:40:18,794 - __main__ - INFO - Weather in Toronto: 18.78
2023-05-29 00:39:51,438 - __main__ - INFO - Token value: 1234
2023-05-29 00:39:52,147 - __main__ - INFO - Weather in Toronto: 21.25
2023-06-05 00:44:10,220 - __main__ - INFO - Token value: 1234
2023-06-05 00:44:10,443 - __main__ - INFO - Weather in Toronto: 17.69
2023-06-12 00:48:16,880 - __main__ - INFO - Token value: 1234
2023-06-12 00:48:17,501 - __main__ - INFO - Weather in Toronto: 16.71
2023-06-19 00:43:00,763 - __main__ - INFO - Token value: 1234
2023-06-19 00:43:01,120 - __main__ - INFO - Weather in Toronto: 20.85
2023-06-26 00:50:49,804 - __main__ - INFO - Token value: 1234
2023-06-26 00:50:50,012 - __main__ - INFO - Weather in Toronto: 22.23
